#
# A fatal error has been detected by the Java Runtime Environment:
#
#  SIGSEGV (0xb) at pc=0x0000000120bd0304, pid=50426, tid=0x0000000000000307
#
# JRE version: Java(TM) SE Runtime Environment (8.0_111-b14) (build 1.8.0_111-b14)
# Java VM: Java HotSpot(TM) 64-Bit Server VM (25.111-b14 mixed mode bsd-amd64 compressed oops)
# Problematic frame:
# C  [libglass.dylib+0x5304]  -[GlassApplication applicationWillHide:]+0xd4
#
# Failed to write core dump. Core dumps have been disabled. To enable core dumping, try "ulimit -c unlimited" before starting Java again
#
# If you would like to submit a bug report, please visit:
#   http://bugreport.java.com/bugreport/crash.jsp
#

---------------  T H R E A D  ---------------

Current thread is native thread

siginfo: si_signo: 11 (SIGSEGV), si_code: 1 (SEGV_MAPERR), si_addr: 0x0000000000000000

Registers:
RAX=0x00007fca717118a0, RBX=0x0000000000000000, RCX=0x0000000000000008, RDX=0x0000000000000000
RSP=0x00007fff58838560, RBP=0x00007fff58838990, RSI=0x00007fffcba5b9f4, RDI=0x00007fca7307d078
R8 =0x00007fca717118a0, R9 =0x0000000000000000, R10=0x00007fffe84af2c0, R11=0x00007fca717170c0
R12=0x00007fffe1f6db40, R13=0x0000000120c14550, R14=0x00007fca71740210, R15=0x00007fca717118a0
RIP=0x0000000120bd0304, EFLAGS=0x0000000000010206, ERR=0x0000000000000004
  TRAPNO=0x000000000000000e

Top of Stack: (sp=0x00007fff58838560)
0x00007fff58838560:   0000000120bd02a5 00007fffcd327a6c
0x00007fff58838570:   00007fffcd32796b 00007fffcd3276d2
0x00007fff58838580:   00007fffcd2e4d63 00007fffcd2e3d9c
0x00007fff58838590:   00007fffced0aa37 00007fffcb278423
0x00007fff588385a0:   00007fffcafc629e 00007fffcc875b15
0x00007fff588385b0:   00007fffcc874d86 00007fffcc88a8b4
0x00007fff588385c0:   00007fffcae43d24 00007fffcb5bdd6b
0x00007fff588385d0:   00007fffcae37f35 00000001262cc14d
0x00007fff588385e0:   00000001262594b3 00007fffced7588a
0x00007fff588385f0:   00007fffcd331981 00007fffcd312a7d
0x00007fff58838600:   00007fffcd311f76 00007fffcd311974
0x00007fff58838610:   00000001073c9465 00000001073c518c
0x00007fff58838620:   00000001073cb4c2 00000001073c49e4
0x00007fff58838630:   0000000000000006 0000000000000000
0x00007fff58838640:   00007fff58838660 00007fffcd2a6f70
0x00007fff58838650:   00007fca73d41b40 00007fff58838ca0
0x00007fff58838660:   00007fff58838680 00007fffcd2a6f70
0x00007fff58838670:   00007fca73d41b40 0000000000000006
0x00007fff58838680:   0000000000000000 0000000000000000
0x00007fff58838690:   0000000000000000 0000000000000000
0x00007fff588386a0:   0000000000000000 0000000000000000
0x00007fff588386b0:   0000000000000000 0000000000000000
0x00007fff588386c0:   0000000000000000 0000000000000000
0x00007fff588386d0:   0000000000000000 0000000000000000
0x00007fff588386e0:   0000000000000000 0000000000000000
0x00007fff588386f0:   0000000000000000 0000000000000000
0x00007fff58838700:   0000000000000000 0000000000000000
0x00007fff58838710:   0000000000000000 0000000000000000
0x00007fff58838720:   0000000000000000 0000000000000000
0x00007fff58838730:   0000000000000000 0000000000000000
0x00007fff58838740:   0000000000000000 0000000000000000
0x00007fff58838750:   0000000000000000 0000000000000000 

Instructions: (pc=0x0000000120bd0304)
0x0000000120bd02e4:   8b 35 e6 f2 03 00 4c 8b 25 8f 7e 03 00 41 ff d4
0x0000000120bd02f4:   48 8b 35 85 f2 03 00 48 89 c7 41 ff d4 49 89 c7
0x0000000120bd0304:   48 8b 03 4c 8b a8 e8 01 00 00 48 8b 05 c3 0f 04
0x0000000120bd0314:   00 4d 8b 34 06 48 8b 3d d8 04 04 00 48 8b 35 e1 

Register to memory mapping:

RAX=0x00007fca717118a0 is an unknown value
RBX=0x0000000000000000 is an unknown value
RCX=0x0000000000000008 is an unknown value
RDX=0x0000000000000000 is an unknown value
RSP=0x00007fff58838560 is an unknown value
RBP=0x00007fff58838990 is an unknown value
RSI=0x00007fffcba5b9f4: __NSStyleNameIndexTable+0x77765 in /System/Library/Frameworks/AppKit.framework/Versions/C/AppKit at 0x00007fffcadfc000
RDI=0x00007fca7307d078 is an unknown value
R8 =0x00007fca717118a0 is an unknown value
R9 =0x0000000000000000 is an unknown value
R10=0x00007fffe84af2c0: OBJC_CLASS_$_NSAutoreleasePool+0 in /System/Library/Frameworks/Foundation.framework/Versions/C/Foundation at 0x00007fffced04000
R11=0x00007fca717170c0 is an unknown value
R12=0x00007fffe1f6db40: objc_msgSend+0 in /usr/lib/libobjc.A.dylib at 0x00007fffe1f67000
R13=0x0000000120c14550: jEnv+0 in /Library/Java/JavaVirtualMachines/jdk1.8.0_111.jdk/Contents/Home/jre/lib/libglass.dylib at 0x0000000120bcb000
R14=0x00007fca71740210 is an unknown value
R15=0x00007fca717118a0 is an unknown value


Stack: [0x00007fff5803d000,0x00007fff5883d000],  sp=0x00007fff58838560,  free space=8173k
Native frames: (J=compiled Java code, j=interpreted, Vv=VM code, C=native code)
C  [libglass.dylib+0x5304]  -[GlassApplication applicationWillHide:]+0xd4
C  [CoreFoundation+0x9da6c]  __CFNOTIFICATIONCENTER_IS_CALLING_OUT_TO_AN_OBSERVER__+0xc
C  [CoreFoundation+0x9d96b]  _CFXRegistrationPost+0x1ab
C  [CoreFoundation+0x9d6d2]  ___CFXNotificationPost_block_invoke+0x32
C  [CoreFoundation+0x5ad63]  -[_CFXNotificationRegistrar find:object:observer:enumerator:]+0x723
C  [CoreFoundation+0x59d9c]  _CFXNotificationPost+0x25c
C  [Foundation+0x6a37]  -[NSNotificationCenter postNotificationName:object:userInfo:]+0x42
C  [AppKit+0x47c423]  -[NSApplication _doHideMaybeFakingIt:]+0x104
C  [AppKit+0x1ca29e]  _hideShowHandler+0x93
C  [HIToolbox+0x8b15]  DispatchEventToHandlers(EventTargetRec*, OpaqueEventRef*, HandlerCallRec*)+0x6ac
C  [HIToolbox+0x7d86]  SendEventToEventTargetInternal(OpaqueEventRef*, OpaqueEventTargetRef*, HandlerCallRec*)+0x1ac
C  [HIToolbox+0x1d8b4]  SendEventToEventTarget+0x28
C  [AppKit+0x47d24]  _DPSNextEvent+0xbd0
C  [AppKit+0x7c1d6b]  -[NSApplication(NSEvent) _nextEventMatchingEventMask:untilDate:inMode:dequeue:]+0xae5
C  [AppKit+0x3bf35]  -[NSApplication run]+0x39e
C  [libosxapp.dylib+0x214d]  +[NSApplicationAWT runAWTLoopWithApp:]+0x9c
C  [libawt_lwawt.dylib+0x444b3]  -[AWTStarter starter:]+0x389
C  [Foundation+0x7188a]  __NSThreadPerformPerform+0x146
C  [CoreFoundation+0xa7981]  __CFRUNLOOP_IS_CALLING_OUT_TO_A_SOURCE0_PERFORM_FUNCTION__+0x11
C  [CoreFoundation+0x88a7d]  __CFRunLoopDoSources0+0x22d
C  [CoreFoundation+0x87f76]  __CFRunLoopRun+0x3a6
C  [CoreFoundation+0x87974]  CFRunLoopRunSpecific+0x1a4
C  [java+0x6465]  CreateExecutionEnvironment+0x367
C  [java+0x218c]  JLI_Launch+0x7a0
C  [java+0x84c2]  main+0x65
C  [java+0x19e4]  start+0x34


---------------  P R O C E S S  ---------------

VM state:not at safepoint (normal execution)

VM Mutex/Monitor currently owned by a thread: None

Heap:
 PSYoungGen      total 38400K, used 18384K [0x0000000795580000, 0x0000000798000000, 0x00000007c0000000)
  eden space 33280K, 39% used [0x0000000795580000,0x0000000796275e80,0x0000000797600000)
  from space 5120K, 99% used [0x0000000797600000,0x0000000797afe318,0x0000000797b00000)
  to   space 5120K, 0% used [0x0000000797b00000,0x0000000797b00000,0x0000000798000000)
 ParOldGen       total 87552K, used 1408K [0x0000000740000000, 0x0000000745580000, 0x0000000795580000)
  object space 87552K, 1% used [0x0000000740000000,0x00000007401601c0,0x0000000745580000)
 Metaspace       used 18234K, capacity 18878K, committed 19200K, reserved 1064960K
  class space    used 2564K, capacity 2737K, committed 2816K, reserved 1048576K

Card table byte_map: [0x0000000109161000,0x0000000109562000] byte_map_base: 0x0000000105761000

Marking Bits: (ParMarkBitMap*) 0x00000001086efd20
 Begin Bits: [0x000000010980d000, 0x000000010b80d000)
 End Bits:   [0x000000010b80d000, 0x000000010d80d000)

Polling page: 0x00000001074bb000

CodeCache: size=245760Kb used=4593Kb max_used=4599Kb free=241166Kb
 bounds [0x000000010da8d000, 0x000000010df1d000, 0x000000011ca8d000]
 total_blobs=2125 nmethods=1430 adapters=608
 compilation: enabled

Compilation events (10 events):
Event: 24.113 Thread 0x00007fca72021800 1441       3       sun.misc.URLClassPath$JarLoader::findResource (18 bytes)
Event: 24.114 Thread 0x00007fca72021800 nmethod 1441 0x000000010df076d0 code [0x000000010df07860, 0x000000010df07af8]
Event: 24.114 Thread 0x00007fca71846800 1442       4       java.lang.StringBuilder::append (8 bytes)
Event: 24.121 Thread 0x00007fca72021800 1443       3       java.lang.invoke.MemberName::<init> (131 bytes)
Event: 24.123 Thread 0x00007fca72021800 nmethod 1443 0x000000010df0ac10 code [0x000000010df0aee0, 0x000000010df0c2d8]
Event: 24.123 Thread 0x00007fca72021800 1445       3       java.util.Arrays::hashCode (56 bytes)
Event: 24.123 Thread 0x00007fca71846800 nmethod 1442 0x000000010df0cad0 code [0x000000010df0cc40, 0x000000010df0d088]
Event: 24.124 Thread 0x00007fca72021800 nmethod 1445 0x000000010df0a590 code [0x000000010df0a720, 0x000000010df0aaa8]
Event: 24.124 Thread 0x00007fca72021800 1444       3       java.lang.invoke.MemberName::hashCode (39 bytes)
Event: 24.124 Thread 0x00007fca72021800 nmethod 1444 0x000000010df09190 code [0x000000010df093a0, 0x000000010df0a148]

GC Heap History (2 events):
Event: 11.042 GC heap before
{Heap before GC invocations=1 (full 0):
 PSYoungGen      total 38400K, used 33280K [0x0000000795580000, 0x0000000798000000, 0x00000007c0000000)
  eden space 33280K, 100% used [0x0000000795580000,0x0000000797600000,0x0000000797600000)
  from space 5120K, 0% used [0x0000000797b00000,0x0000000797b00000,0x0000000798000000)
  to   space 5120K, 0% used [0x0000000797600000,0x0000000797600000,0x0000000797b00000)
 ParOldGen       total 87552K, used 0K [0x0000000740000000, 0x0000000745580000, 0x0000000795580000)
  object space 87552K, 0% used [0x0000000740000000,0x0000000740000000,0x0000000745580000)
 Metaspace       used 14855K, capacity 15338K, committed 15488K, reserved 1062912K
  class space    used 1970K, capacity 2107K, committed 2176K, reserved 1048576K
Event: 11.055 GC heap after
Heap after GC invocations=1 (full 0):
 PSYoungGen      total 38400K, used 5112K [0x0000000795580000, 0x0000000798000000, 0x00000007c0000000)
  eden space 33280K, 0% used [0x0000000795580000,0x0000000795580000,0x0000000797600000)
  from space 5120K, 99% used [0x0000000797600000,0x0000000797afe318,0x0000000797b00000)
  to   space 5120K, 0% used [0x0000000797b00000,0x0000000797b00000,0x0000000798000000)
 ParOldGen       total 87552K, used 1408K [0x0000000740000000, 0x0000000745580000, 0x0000000795580000)
  object space 87552K, 1% used [0x0000000740000000,0x00000007401601c0,0x0000000745580000)
 Metaspace       used 14855K, capacity 15338K, committed 15488K, reserved 1062912K
  class space    used 1970K, capacity 2107K, committed 2176K, reserved 1048576K
}

Deoptimization events (10 events):
Event: 10.907 Thread 0x00007fca7307a000 Uncommon trap: reason=unstable_if action=reinterpret pc=0x000000010dd44570 method=java.util.HashMap.hash(Ljava/lang/Object;)I @ 1
Event: 11.040 Thread 0x00007fca7307a000 Uncommon trap: reason=class_check action=maybe_recompile pc=0x000000010dcb6f84 method=java.io.DataInputStream.readShort()S @ 4
Event: 11.040 Thread 0x00007fca7307a000 Uncommon trap: reason=class_check action=maybe_recompile pc=0x000000010dcb6f84 method=java.io.DataInputStream.readShort()S @ 4
Event: 11.041 Thread 0x00007fca7307a000 Uncommon trap: reason=class_check action=maybe_recompile pc=0x000000010dcb6f84 method=java.io.DataInputStream.readShort()S @ 4
Event: 11.041 Thread 0x00007fca7307a000 Uncommon trap: reason=class_check action=maybe_recompile pc=0x000000010dcb6f84 method=java.io.DataInputStream.readShort()S @ 4
Event: 11.064 Thread 0x00007fca7307a000 Uncommon trap: reason=class_check action=maybe_recompile pc=0x000000010dba925c method=java.lang.String.equals(Ljava/lang/Object;)Z @ 8
Event: 11.064 Thread 0x00007fca7307a000 Uncommon trap: reason=class_check action=maybe_recompile pc=0x000000010dba925c method=java.lang.String.equals(Ljava/lang/Object;)Z @ 8
Event: 11.064 Thread 0x00007fca7307a000 Uncommon trap: reason=class_check action=maybe_recompile pc=0x000000010dba925c method=java.lang.String.equals(Ljava/lang/Object;)Z @ 8
Event: 11.066 Thread 0x00007fca7307a000 Uncommon trap: reason=class_check action=maybe_recompile pc=0x000000010dba925c method=java.lang.String.equals(Ljava/lang/Object;)Z @ 8
Event: 11.431 Thread 0x00007fca7307a000 Uncommon trap: reason=unstable_if action=reinterpret pc=0x000000010de04df4 method=jdk.internal.org.objectweb.asm.Type.getArgumentsAndReturnSizes(Ljava/lang/String;)I @ 47

Internal exceptions (10 events):
Event: 1.145 Thread 0x00007fca72006000 Exception <a 'java/security/PrivilegedActionException'> (0x000000079585dbf0) thrown at [/Users/java_re/workspace/8-2-build-macosx-x86_64/jdk8u111/7883/hotspot/src/share/vm/prims/jvm.cpp, line 1386]
Event: 1.145 Thread 0x00007fca72006000 Exception <a 'java/security/PrivilegedActionException'> (0x000000079585de00) thrown at [/Users/java_re/workspace/8-2-build-macosx-x86_64/jdk8u111/7883/hotspot/src/share/vm/prims/jvm.cpp, line 1386]
Event: 1.147 Thread 0x00007fca72006000 Exception <a 'java/security/PrivilegedActionException'> (0x0000000795861108) thrown at [/Users/java_re/workspace/8-2-build-macosx-x86_64/jdk8u111/7883/hotspot/src/share/vm/prims/jvm.cpp, line 1386]
Event: 1.147 Thread 0x00007fca72006000 Exception <a 'java/security/PrivilegedActionException'> (0x0000000795861318) thrown at [/Users/java_re/workspace/8-2-build-macosx-x86_64/jdk8u111/7883/hotspot/src/share/vm/prims/jvm.cpp, line 1386]
Event: 1.148 Thread 0x00007fca72006000 Exception <a 'java/lang/NullPointerException'> (0x0000000795861b08) thrown at [/Users/java_re/workspace/8-2-build-macosx-x86_64/jdk8u111/7883/hotspot/src/share/vm/interpreter/linkResolver.cpp, line 1178]
Event: 3.898 Thread 0x00007fca7307a000 Exception <a 'java/lang/NullPointerException'> (0x00000007961b9740) thrown at [/Users/java_re/workspace/8-2-build-macosx-x86_64/jdk8u111/7883/hotspot/src/share/vm/interpreter/linkResolver.cpp, line 1178]
Event: 3.898 Thread 0x00007fca7307a000 Exception <a 'java/lang/NullPointerException'> (0x00000007961b9740) thrown at [/Users/java_re/workspace/8-2-build-macosx-x86_64/jdk8u111/7883/hotspot/src/share/vm/prims/jvm.cpp, line 1390]
Event: 7.122 Thread 0x00007fca73119000 Implicit null exception at 0x000000010dd1ae75 to 0x000000010dd1b235
Event: 10.907 Thread 0x00007fca7307a000 Implicit null exception at 0x000000010dd6b375 to 0x000000010dd6b5ad
Event: 10.907 Thread 0x00007fca7307a000 Implicit null exception at 0x000000010dd444d8 to 0x000000010dd44566

Events (10 events):
Event: 24.122 loading class java/lang/ProcessEnvironment
Event: 24.122 loading class java/lang/ProcessEnvironment done
Event: 24.122 loading class java/lang/ProcessEnvironment$Variable
Event: 24.122 loading class java/lang/ProcessEnvironment$ExternalData
Event: 24.122 loading class java/lang/ProcessEnvironment$ExternalData done
Event: 24.122 loading class java/lang/ProcessEnvironment$Variable done
Event: 24.122 loading class java/lang/ProcessEnvironment$Value
Event: 24.122 loading class java/lang/ProcessEnvironment$Value done
Event: 24.123 loading class java/lang/ProcessEnvironment$StringEnvironment
Event: 24.123 loading class java/lang/ProcessEnvironment$StringEnvironment done


Dynamic libraries:
0x0000000057f60000 	/System/Library/Frameworks/Cocoa.framework/Versions/A/Cocoa
0x0000000057f60000 	/System/Library/Frameworks/Security.framework/Versions/A/Security
0x0000000057f60000 	/System/Library/Frameworks/ApplicationServices.framework/Versions/A/ApplicationServices
0x0000000057f60000 	/usr/lib/libz.1.dylib
0x0000000057f60000 	/usr/lib/libSystem.B.dylib
0x0000000057f60000 	/usr/lib/libobjc.A.dylib
0x0000000057f60000 	/System/Library/Frameworks/CoreFoundation.framework/Versions/A/CoreFoundation
0x0000000057f60000 	/System/Library/Frameworks/Foundation.framework/Versions/C/Foundation
0x0000000057f60000 	/System/Library/Frameworks/AppKit.framework/Versions/C/AppKit
0x0000000057f60000 	/System/Library/Frameworks/CoreData.framework/Versions/A/CoreData
0x0000000057f60000 	/System/Library/PrivateFrameworks/RemoteViewServices.framework/Versions/A/RemoteViewServices
0x0000000057f60000 	/System/Library/PrivateFrameworks/UIFoundation.framework/Versions/A/UIFoundation
0x0000000057f60000 	/System/Library/PrivateFrameworks/DFRFoundation.framework/Versions/A/DFRFoundation
0x0000000057f60000 	/usr/lib/libenergytrace.dylib
0x0000000057f60000 	/System/Library/PrivateFrameworks/SkyLight.framework/Versions/A/SkyLight
0x0000000057f60000 	/System/Library/Frameworks/CoreGraphics.framework/Versions/A/CoreGraphics
0x0000000057f60000 	/usr/lib/libScreenReader.dylib
0x0000000057f60000 	/System/Library/Frameworks/Accelerate.framework/Versions/A/Accelerate
0x0000000057f60000 	/System/Library/Frameworks/IOSurface.framework/Versions/A/IOSurface
0x0000000057f60000 	/System/Library/Frameworks/AudioToolbox.framework/Versions/A/AudioToolbox
0x0000000057f60000 	/System/Library/Frameworks/AudioUnit.framework/Versions/A/AudioUnit
0x0000000057f60000 	/System/Library/PrivateFrameworks/DataDetectorsCore.framework/Versions/A/DataDetectorsCore
0x0000000057f60000 	/System/Library/PrivateFrameworks/DesktopServicesPriv.framework/Versions/A/DesktopServicesPriv
0x0000000057f60000 	/System/Library/Frameworks/Carbon.framework/Versions/A/Frameworks/HIToolbox.framework/Versions/A/HIToolbox
0x0000000057f60000 	/usr/lib/libicucore.A.dylib
0x0000000057f60000 	/System/Library/Frameworks/QuartzCore.framework/Versions/A/QuartzCore
0x0000000057f60000 	/System/Library/Frameworks/Carbon.framework/Versions/A/Frameworks/SpeechRecognition.framework/Versions/A/SpeechRecognition
0x0000000057f60000 	/usr/lib/libauto.dylib
0x0000000057f60000 	/usr/lib/libxml2.2.dylib
0x0000000057f60000 	/System/Library/PrivateFrameworks/CoreUI.framework/Versions/A/CoreUI
0x0000000057f60000 	/System/Library/Frameworks/CoreAudio.framework/Versions/A/CoreAudio
0x0000000057f60000 	/System/Library/Frameworks/DiskArbitration.framework/Versions/A/DiskArbitration
0x0000000057f60000 	/usr/lib/liblangid.dylib
0x0000000057f60000 	/System/Library/PrivateFrameworks/MultitouchSupport.framework/Versions/A/MultitouchSupport
0x0000000057f60000 	/System/Library/Frameworks/IOKit.framework/Versions/A/IOKit
0x0000000057f60000 	/usr/lib/libDiagnosticMessagesClient.dylib
0x0000000057f60000 	/System/Library/Frameworks/CoreServices.framework/Versions/A/CoreServices
0x0000000057f60000 	/System/Library/PrivateFrameworks/PerformanceAnalysis.framework/Versions/A/PerformanceAnalysis
0x0000000057f60000 	/System/Library/PrivateFrameworks/GenerationalStorage.framework/Versions/A/GenerationalStorage
0x0000000057f60000 	/System/Library/Frameworks/OpenGL.framework/Versions/A/OpenGL
0x0000000057f60000 	/System/Library/Frameworks/CoreImage.framework/Versions/A/CoreImage
0x0000000057f60000 	/System/Library/Frameworks/CoreText.framework/Versions/A/CoreText
0x0000000057f60000 	/System/Library/Frameworks/ImageIO.framework/Versions/A/ImageIO
0x0000000057f60000 	/System/Library/PrivateFrameworks/Backup.framework/Versions/A/Backup
0x0000000057f60000 	/usr/lib/libarchive.2.dylib
0x0000000057f60000 	/System/Library/Frameworks/CFNetwork.framework/Versions/A/CFNetwork
0x0000000057f60000 	/System/Library/Frameworks/SystemConfiguration.framework/Versions/A/SystemConfiguration
0x0000000057f60000 	/usr/lib/libCRFSuite.dylib
0x0000000057f60000 	/usr/lib/libc++.1.dylib
0x0000000057f60000 	/usr/lib/libc++abi.dylib
0x0000000057f60000 	/usr/lib/system/libcache.dylib
0x0000000057f60000 	/usr/lib/system/libcommonCrypto.dylib
0x0000000057f60000 	/usr/lib/system/libcompiler_rt.dylib
0x0000000057f60000 	/usr/lib/system/libcopyfile.dylib
0x0000000057f60000 	/usr/lib/system/libcorecrypto.dylib
0x0000000057f60000 	/usr/lib/system/libdispatch.dylib
0x0000000057f60000 	/usr/lib/system/libdyld.dylib
0x0000000057f60000 	/usr/lib/system/libkeymgr.dylib
0x0000000057f60000 	/usr/lib/system/liblaunch.dylib
0x0000000057f60000 	/usr/lib/system/libmacho.dylib
0x0000000057f60000 	/usr/lib/system/libquarantine.dylib
0x0000000057f60000 	/usr/lib/system/libremovefile.dylib
0x0000000057f60000 	/usr/lib/system/libsystem_asl.dylib
0x0000000057f60000 	/usr/lib/system/libsystem_blocks.dylib
0x0000000057f60000 	/usr/lib/system/libsystem_c.dylib
0x0000000057f60000 	/usr/lib/system/libsystem_configuration.dylib
0x0000000057f60000 	/usr/lib/system/libsystem_coreservices.dylib
0x0000000057f60000 	/usr/lib/system/libsystem_coretls.dylib
0x0000000057f60000 	/usr/lib/system/libsystem_dnssd.dylib
0x0000000057f60000 	/usr/lib/system/libsystem_info.dylib
0x0000000057f60000 	/usr/lib/system/libsystem_kernel.dylib
0x0000000057f60000 	/usr/lib/system/libsystem_m.dylib
0x0000000057f60000 	/usr/lib/system/libsystem_malloc.dylib
0x0000000057f60000 	/usr/lib/system/libsystem_network.dylib
0x0000000057f60000 	/usr/lib/system/libsystem_networkextension.dylib
0x0000000057f60000 	/usr/lib/system/libsystem_notify.dylib
0x0000000057f60000 	/usr/lib/system/libsystem_platform.dylib
0x0000000057f60000 	/usr/lib/system/libsystem_pthread.dylib
0x0000000057f60000 	/usr/lib/system/libsystem_sandbox.dylib
0x0000000057f60000 	/usr/lib/system/libsystem_secinit.dylib
0x0000000057f60000 	/usr/lib/system/libsystem_symptoms.dylib
0x0000000057f60000 	/usr/lib/system/libsystem_trace.dylib
0x0000000057f60000 	/usr/lib/system/libunwind.dylib
0x0000000057f60000 	/usr/lib/system/libxpc.dylib
0x0000000057f60000 	/usr/lib/libbsm.0.dylib
0x0000000057f60000 	/usr/lib/system/libkxld.dylib
0x0000000057f60000 	/usr/lib/libcoretls.dylib
0x0000000057f60000 	/usr/lib/libcoretls_cfhelpers.dylib
0x0000000057f60000 	/usr/lib/libxar.1.dylib
0x0000000057f60000 	/usr/lib/libsqlite3.dylib
0x0000000057f60000 	/usr/lib/libpam.2.dylib
0x0000000057f60000 	/usr/lib/libOpenScriptingUtil.dylib
0x0000000057f60000 	/usr/lib/libbz2.1.0.dylib
0x0000000057f60000 	/usr/lib/liblzma.5.dylib
0x0000000057f60000 	/usr/lib/libnetwork.dylib
0x0000000057f60000 	/usr/lib/libpcap.A.dylib
0x0000000057f60000 	/System/Library/Frameworks/CoreServices.framework/Versions/A/Frameworks/FSEvents.framework/Versions/A/FSEvents
0x0000000057f60000 	/System/Library/Frameworks/CoreServices.framework/Versions/A/Frameworks/CarbonCore.framework/Versions/A/CarbonCore
0x0000000057f60000 	/System/Library/Frameworks/CoreServices.framework/Versions/A/Frameworks/Metadata.framework/Versions/A/Metadata
0x0000000057f60000 	/System/Library/Frameworks/CoreServices.framework/Versions/A/Frameworks/OSServices.framework/Versions/A/OSServices
0x0000000057f60000 	/System/Library/Frameworks/CoreServices.framework/Versions/A/Frameworks/SearchKit.framework/Versions/A/SearchKit
0x0000000057f60000 	/System/Library/Frameworks/CoreServices.framework/Versions/A/Frameworks/AE.framework/Versions/A/AE
0x0000000057f60000 	/System/Library/Frameworks/CoreServices.framework/Versions/A/Frameworks/LaunchServices.framework/Versions/A/LaunchServices
0x0000000057f60000 	/System/Library/Frameworks/CoreServices.framework/Versions/A/Frameworks/DictionaryServices.framework/Versions/A/DictionaryServices
0x0000000057f60000 	/System/Library/Frameworks/CoreServices.framework/Versions/A/Frameworks/SharedFileList.framework/Versions/A/SharedFileList
0x0000000057f60000 	/System/Library/Frameworks/NetFS.framework/Versions/A/NetFS
0x0000000057f60000 	/System/Library/PrivateFrameworks/NetAuth.framework/Versions/A/NetAuth
0x0000000057f60000 	/System/Library/PrivateFrameworks/login.framework/Versions/A/Frameworks/loginsupport.framework/Versions/A/loginsupport
0x0000000057f60000 	/System/Library/PrivateFrameworks/TCC.framework/Versions/A/TCC
0x0000000057f60000 	/usr/lib/libmecabra.dylib
0x0000000057f60000 	/System/Library/Frameworks/ApplicationServices.framework/Versions/A/Frameworks/ATS.framework/Versions/A/ATS
0x0000000057f60000 	/System/Library/Frameworks/ApplicationServices.framework/Versions/A/Frameworks/ColorSync.framework/Versions/A/ColorSync
0x0000000057f60000 	/System/Library/Frameworks/ApplicationServices.framework/Versions/A/Frameworks/HIServices.framework/Versions/A/HIServices
0x0000000057f60000 	/System/Library/Frameworks/ApplicationServices.framework/Versions/A/Frameworks/LangAnalysis.framework/Versions/A/LangAnalysis
0x0000000057f60000 	/System/Library/Frameworks/ApplicationServices.framework/Versions/A/Frameworks/PrintCore.framework/Versions/A/PrintCore
0x0000000057f60000 	/System/Library/Frameworks/ApplicationServices.framework/Versions/A/Frameworks/QD.framework/Versions/A/QD
0x0000000057f60000 	/System/Library/Frameworks/ApplicationServices.framework/Versions/A/Frameworks/SpeechSynthesis.framework/Versions/A/SpeechSynthesis
0x0000000057f60000 	/System/Library/Frameworks/Accelerate.framework/Versions/A/Frameworks/vImage.framework/Versions/A/vImage
0x0000000057f60000 	/System/Library/Frameworks/Accelerate.framework/Versions/A/Frameworks/vecLib.framework/Versions/A/vecLib
0x0000000057f60000 	/System/Library/Frameworks/Accelerate.framework/Versions/A/Frameworks/vecLib.framework/Versions/A/libvDSP.dylib
0x0000000057f60000 	/System/Library/Frameworks/Accelerate.framework/Versions/A/Frameworks/vecLib.framework/Versions/A/libBNNS.dylib
0x0000000057f60000 	/System/Library/Frameworks/Accelerate.framework/Versions/A/Frameworks/vecLib.framework/Versions/A/libQuadrature.dylib
0x0000000057f60000 	/System/Library/Frameworks/Accelerate.framework/Versions/A/Frameworks/vecLib.framework/Versions/A/libvMisc.dylib
0x0000000057f60000 	/System/Library/Frameworks/Accelerate.framework/Versions/A/Frameworks/vecLib.framework/Versions/A/libLAPACK.dylib
0x0000000057f60000 	/System/Library/Frameworks/Accelerate.framework/Versions/A/Frameworks/vecLib.framework/Versions/A/libBLAS.dylib
0x0000000057f60000 	/System/Library/Frameworks/Accelerate.framework/Versions/A/Frameworks/vecLib.framework/Versions/A/libLinearAlgebra.dylib
0x0000000057f60000 	/System/Library/Frameworks/Accelerate.framework/Versions/A/Frameworks/vecLib.framework/Versions/A/libSparseBLAS.dylib
0x0000000057f60000 	/System/Library/Frameworks/ApplicationServices.framework/Versions/A/Frameworks/ATS.framework/Versions/A/Resources/libFontParser.dylib
0x0000000057f60000 	/System/Library/Frameworks/ApplicationServices.framework/Versions/A/Frameworks/ATS.framework/Versions/A/Resources/libFontRegistry.dylib
0x0000000057f60000 	/System/Library/Frameworks/ImageIO.framework/Versions/A/Resources/libJPEG.dylib
0x0000000057f60000 	/System/Library/Frameworks/ImageIO.framework/Versions/A/Resources/libTIFF.dylib
0x0000000057f60000 	/System/Library/Frameworks/ImageIO.framework/Versions/A/Resources/libPng.dylib
0x0000000057f60000 	/System/Library/Frameworks/ImageIO.framework/Versions/A/Resources/libGIF.dylib
0x0000000057f60000 	/System/Library/Frameworks/ImageIO.framework/Versions/A/Resources/libJP2.dylib
0x0000000057f60000 	/System/Library/Frameworks/ImageIO.framework/Versions/A/Resources/libRadiance.dylib
0x0000000057f60000 	/usr/lib/libcompression.dylib
0x0000000057f60000 	/System/Library/PrivateFrameworks/AppleJPEG.framework/Versions/A/AppleJPEG
0x0000000057f60000 	/usr/lib/libcups.2.dylib
0x0000000057f60000 	/System/Library/Frameworks/Kerberos.framework/Versions/A/Kerberos
0x0000000057f60000 	/System/Library/Frameworks/GSS.framework/Versions/A/GSS
0x0000000057f60000 	/usr/lib/libresolv.9.dylib
0x0000000057f60000 	/usr/lib/libiconv.2.dylib
0x0000000057f60000 	/System/Library/PrivateFrameworks/Heimdal.framework/Versions/A/Heimdal
0x0000000057f60000 	/usr/lib/libheimdal-asn1.dylib
0x0000000057f60000 	/System/Library/Frameworks/OpenDirectory.framework/Versions/A/OpenDirectory
0x0000000057f60000 	/System/Library/PrivateFrameworks/CommonAuth.framework/Versions/A/CommonAuth
0x0000000057f60000 	/System/Library/Frameworks/OpenDirectory.framework/Versions/A/Frameworks/CFOpenDirectory.framework/Versions/A/CFOpenDirectory
0x0000000057f60000 	/System/Library/Frameworks/SecurityFoundation.framework/Versions/A/SecurityFoundation
0x0000000057f60000 	/System/Library/PrivateFrameworks/LanguageModeling.framework/Versions/A/LanguageModeling
0x0000000057f60000 	/usr/lib/libmarisa.dylib
0x0000000057f60000 	/usr/lib/libChineseTokenizer.dylib
0x0000000057f60000 	/usr/lib/libcmph.dylib
0x0000000057f60000 	/System/Library/PrivateFrameworks/CoreEmoji.framework/Versions/A/CoreEmoji
0x0000000057f60000 	/System/Library/Frameworks/ServiceManagement.framework/Versions/A/ServiceManagement
0x0000000057f60000 	/usr/lib/libxslt.1.dylib
0x0000000057f60000 	/System/Library/Frameworks/Carbon.framework/Versions/A/Frameworks/Ink.framework/Versions/A/Ink
0x0000000057f60000 	/System/Library/PrivateFrameworks/TextureIO.framework/Versions/A/TextureIO
0x0000000057f60000 	/System/Library/Frameworks/Metal.framework/Versions/A/Metal
0x0000000057f60000 	/usr/lib/libate.dylib
0x0000000057f60000 	/System/Library/PrivateFrameworks/GPUCompiler.framework/libmetal_timestamp.dylib
0x0000000057f60000 	/System/Library/Frameworks/OpenGL.framework/Versions/A/Libraries/libCoreFSCache.dylib
0x0000000057f60000 	/System/Library/PrivateFrameworks/IOAccelerator.framework/Versions/A/IOAccelerator
0x0000000057f60000 	/System/Library/Frameworks/CoreVideo.framework/Versions/A/CoreVideo
0x0000000057f60000 	/usr/lib/libFosl_dynamic.dylib
0x0000000057f60000 	/System/Library/PrivateFrameworks/MetalPerformanceShaders.framework/Versions/A/MetalPerformanceShaders
0x0000000057f60000 	/System/Library/PrivateFrameworks/FaceCore.framework/Versions/A/FaceCore
0x0000000057f60000 	/System/Library/Frameworks/OpenCL.framework/Versions/A/OpenCL
0x0000000057f60000 	/System/Library/Frameworks/OpenGL.framework/Versions/A/Libraries/libGLU.dylib
0x0000000057f60000 	/System/Library/Frameworks/OpenGL.framework/Versions/A/Libraries/libGFXShared.dylib
0x0000000057f60000 	/System/Library/Frameworks/OpenGL.framework/Versions/A/Libraries/libGL.dylib
0x0000000057f60000 	/System/Library/Frameworks/OpenGL.framework/Versions/A/Libraries/libGLImage.dylib
0x0000000057f60000 	/System/Library/Frameworks/OpenGL.framework/Versions/A/Libraries/libCVMSPluginSupport.dylib
0x0000000057f60000 	/System/Library/Frameworks/OpenGL.framework/Versions/A/Libraries/libCoreVMClient.dylib
0x0000000057f60000 	/System/Library/PrivateFrameworks/CrashReporterSupport.framework/Versions/A/CrashReporterSupport
0x0000000057f60000 	/System/Library/PrivateFrameworks/Sharing.framework/Versions/A/Sharing
0x0000000057f60000 	/System/Library/PrivateFrameworks/IconServices.framework/Versions/A/IconServices
0x0000000057f60000 	/System/Library/PrivateFrameworks/ProtocolBuffer.framework/Versions/A/ProtocolBuffer
0x0000000057f60000 	/System/Library/PrivateFrameworks/Apple80211.framework/Versions/A/Apple80211
0x0000000057f60000 	/System/Library/Frameworks/CoreWLAN.framework/Versions/A/CoreWLAN
0x0000000057f60000 	/System/Library/PrivateFrameworks/CoreUtils.framework/Versions/A/CoreUtils
0x0000000057f60000 	/System/Library/Frameworks/IOBluetooth.framework/Versions/A/IOBluetooth
0x0000000057f60000 	/System/Library/PrivateFrameworks/CoreWiFi.framework/Versions/A/CoreWiFi
0x0000000057f60000 	/System/Library/Frameworks/CoreBluetooth.framework/Versions/A/CoreBluetooth
0x0000000057f60000 	/System/Library/Frameworks/CoreDisplay.framework/Versions/A/CoreDisplay
0x0000000057f60000 	/System/Library/PrivateFrameworks/IOPresentment.framework/Versions/A/IOPresentment
0x0000000057f60000 	/System/Library/PrivateFrameworks/DebugSymbols.framework/Versions/A/DebugSymbols
0x0000000057f60000 	/System/Library/PrivateFrameworks/CoreSymbolication.framework/Versions/A/CoreSymbolication
0x0000000057f60000 	/System/Library/PrivateFrameworks/Symbolication.framework/Versions/A/Symbolication
0x0000000057f60000 	/System/Library/PrivateFrameworks/AppleFSCompression.framework/Versions/A/AppleFSCompression
0x0000000057f60000 	/System/Library/PrivateFrameworks/SpeechRecognitionCore.framework/Versions/A/SpeechRecognitionCore
0x0000000057f60000 	/System/Library/PrivateFrameworks/ChunkingLibrary.framework/Versions/A/ChunkingLibrary
0x000000004c710000 	/System/Library/CoreServices/Encodings/libLatin2Converter.dylib
0x0000000107e00000 	/Library/Java/JavaVirtualMachines/jdk1.8.0_111.jdk/Contents/Home/jre/lib/server/libjvm.dylib
0x0000000057f60000 	/usr/lib/libstdc++.6.dylib
0x0000000107478000 	/Library/Java/JavaVirtualMachines/jdk1.8.0_111.jdk/Contents/Home/jre/lib/libverify.dylib
0x0000000107486000 	/Library/Java/JavaVirtualMachines/jdk1.8.0_111.jdk/Contents/Home/jre/lib/libjava.dylib
0x00000001074c5000 	/Library/Java/JavaVirtualMachines/jdk1.8.0_111.jdk/Contents/Home/jre/lib/libzip.dylib
0x000000011e65e000 	/System/Library/Frameworks/JavaVM.framework/Frameworks/JavaRuntimeSupport.framework/JavaRuntimeSupport
0x00000001075e7000 	/System/Library/Frameworks/JavaVM.framework/Versions/A/Frameworks/JavaNativeFoundation.framework/Versions/A/JavaNativeFoundation
0x000000010d9f2000 	/System/Library/Frameworks/JavaVM.framework/Versions/A/JavaVM
0x0000000057f60000 	/System/Library/Frameworks/Carbon.framework/Versions/A/Carbon
0x000000011e678000 	/System/Library/PrivateFrameworks/JavaLaunching.framework/Versions/A/JavaLaunching
0x0000000057f60000 	/System/Library/Frameworks/Carbon.framework/Versions/A/Frameworks/CommonPanels.framework/Versions/A/CommonPanels
0x0000000057f60000 	/System/Library/Frameworks/Carbon.framework/Versions/A/Frameworks/Help.framework/Versions/A/Help
0x0000000057f60000 	/System/Library/Frameworks/Carbon.framework/Versions/A/Frameworks/ImageCapture.framework/Versions/A/ImageCapture
0x0000000057f60000 	/System/Library/Frameworks/Carbon.framework/Versions/A/Frameworks/OpenScripting.framework/Versions/A/OpenScripting
0x0000000057f60000 	/System/Library/Frameworks/Carbon.framework/Versions/A/Frameworks/Print.framework/Versions/A/Print
0x0000000057f60000 	/System/Library/Frameworks/Carbon.framework/Versions/A/Frameworks/SecurityHI.framework/Versions/A/SecurityHI
0x0000000120018000 	/Library/Java/JavaVirtualMachines/jdk1.8.0_111.jdk/Contents/Home/jre/lib/libprism_es2.dylib
0x0000000057f60000 	/System/Library/Frameworks/OpenGL.framework/Versions/A/Resources/GLEngine.bundle/GLEngine
0x0000000057f60000 	/System/Library/Frameworks/OpenGL.framework/Versions/A/Libraries/libGLProgrammability.dylib
0x000000012007d000 	/System/Library/Extensions/AppleIntelBDWGraphicsGLDriver.bundle/Contents/MacOS/AppleIntelBDWGraphicsGLDriver
0x0000000057f60000 	/System/Library/PrivateFrameworks/GPUSupport.framework/Versions/A/Libraries/libGPUSupportMercury.dylib
0x0000000057f60000 	/System/Library/Frameworks/OpenGL.framework/Versions/A/Resources/GLRendererFloat.bundle/GLRendererFloat
0x0000000057f60000 	/System/Library/Frameworks/OpenCL.framework/Versions/A/Libraries/libcldcpuengine.dylib
0x0000000057f60000 	/usr/lib/libcrypto.0.9.8.dylib
0x0000000057f60000 	/System/Library/PrivateFrameworks/TrustEvaluationAgent.framework/Versions/A/TrustEvaluationAgent
0x0000000120bcb000 	/Library/Java/JavaVirtualMachines/jdk1.8.0_111.jdk/Contents/Home/jre/lib/libglass.dylib
0x0000000057f60000 	/System/Library/PrivateFrameworks/CoreServicesInternal.framework/Versions/A/CoreServicesInternal
0x0000000057f60000 	/System/Library/CoreServices/RawCamera.bundle/Contents/MacOS/RawCamera
0x0000000057f60000 	/System/Library/Frameworks/Accelerate.framework/Versions/A/Frameworks/vImage.framework/Versions/A/Libraries/libCGInterfaces.dylib
0x0000000057f60000 	/System/Library/PrivateFrameworks/FamilyControls.framework/Versions/A/FamilyControls
0x0000000057f60000 	/System/Library/PrivateFrameworks/CommerceKit.framework/Versions/A/Frameworks/CommerceCore.framework/Versions/A/CommerceCore
0x0000000057f60000 	/System/Library/PrivateFrameworks/SystemAdministration.framework/Versions/A/SystemAdministration
0x0000000057f60000 	/System/Library/PrivateFrameworks/AppContainer.framework/Versions/A/AppContainer
0x0000000057f60000 	/System/Library/PrivateFrameworks/SecCodeWrapper.framework/Versions/A/SecCodeWrapper
0x0000000057f60000 	/System/Library/Frameworks/DirectoryService.framework/Versions/A/DirectoryService
0x0000000057f60000 	/System/Library/PrivateFrameworks/DiskImages.framework/Versions/A/DiskImages
0x0000000057f60000 	/System/Library/PrivateFrameworks/LoginUIKit.framework/Versions/A/Frameworks/LoginUICore.framework/Versions/A/LoginUICore
0x0000000057f60000 	/usr/lib/libCoreStorage.dylib
0x0000000057f60000 	/usr/lib/libcsfde.dylib
0x0000000057f60000 	/usr/lib/libodfde.dylib
0x0000000057f60000 	/System/Library/Frameworks/DiscRecording.framework/Versions/A/DiscRecording
0x0000000057f60000 	/usr/lib/libcurl.4.dylib
0x0000000057f60000 	/System/Library/PrivateFrameworks/MediaKit.framework/Versions/A/MediaKit
0x0000000057f60000 	/System/Library/PrivateFrameworks/ProtectedCloudStorage.framework/Versions/A/ProtectedCloudStorage
0x0000000057f60000 	/System/Library/PrivateFrameworks/EFILogin.framework/Versions/A/EFILogin
0x0000000057f60000 	/usr/lib/libutil.dylib
0x0000000057f60000 	/System/Library/Frameworks/LDAP.framework/Versions/A/LDAP
0x0000000057f60000 	/usr/lib/libsasl2.2.dylib
0x0000000057f60000 	/System/Library/PrivateFrameworks/CoreDaemon.framework/Versions/B/CoreDaemon
0x0000000057f60000 	/System/Library/PrivateFrameworks/AppleSRP.framework/Versions/A/AppleSRP
0x0000000057f60000 	/System/Library/PrivateFrameworks/APFS.framework/Versions/A/APFS
0x0000000057f60000 	/System/Library/Frameworks/ApplicationServices.framework/Versions/A/Frameworks/ATS.framework/Versions/A/Resources/libTrueTypeScaler.dylib
0x0000000124ddb000 	/System/Library/Extensions/AppleIntelBDWGraphicsMTLDriver.bundle/Contents/MacOS/AppleIntelBDWGraphicsMTLDriver
0x000000012499f000 	/Library/Java/JavaVirtualMachines/jdk1.8.0_111.jdk/Contents/Home/jre/lib/libjavafx_font.dylib
0x000000012569c000 	/Library/Java/JavaVirtualMachines/jdk1.8.0_111.jdk/Contents/Home/jre/lib/libnio.dylib
0x00000001256ac000 	/Library/Java/JavaVirtualMachines/jdk1.8.0_111.jdk/Contents/Home/jre/lib/./libnet.dylib
0x0000000057f60000 	/System/Library/PrivateFrameworks/ViewBridge.framework/Versions/A/ViewBridge
0x0000000057f60000 	/System/Library/PrivateFrameworks/XPCService.framework/Versions/A/XPCService
0x0000000057f60000 	/System/Library/PrivateFrameworks/AppSandbox.framework/Versions/A/AppSandbox
0x0000000057f60000 	/usr/lib/libsandbox.1.dylib
0x0000000057f60000 	/usr/lib/libMatch.1.dylib
0x00000001275db000 	/Library/Java/JavaVirtualMachines/jdk1.8.0_111.jdk/Contents/Home/jre/lib/libprism_common.dylib
0x00000001260a1000 	/Library/Java/JavaVirtualMachines/jdk1.8.0_111.jdk/Contents/Home/jre/lib/libawt.dylib
0x0000000126149000 	/Library/Java/JavaVirtualMachines/jdk1.8.0_111.jdk/Contents/Home/jre/lib/./libmlib_image.dylib
0x0000000126215000 	/Library/Java/JavaVirtualMachines/jdk1.8.0_111.jdk/Contents/Home/jre/lib/libawt_lwawt.dylib
0x00000001262ca000 	/Library/Java/JavaVirtualMachines/jdk1.8.0_111.jdk/Contents/Home/jre/lib/./libosxapp.dylib
0x0000000057f60000 	/System/Library/Frameworks/ExceptionHandling.framework/Versions/A/ExceptionHandling

VM Arguments:
jvm_args: -Dfile.encoding=UTF-8 
java_command: /Users/Dnyz/OneDrive - Vysoká škola ekonomická v Praze/VSE/4.semestr/4IT115-softwarko/skupinovy-proj/kavarny/kavarensky_povalec_1/dist/run144019859/kavarensky_povalec_1.jar
java_class_path (initial): /Users/Dnyz/OneDrive - Vysoká škola ekonomická v Praze/VSE/4.semestr/4IT115-softwarko/skupinovy-proj/kavarny/kavarensky_povalec_1/dist/run144019859/kavarensky_povalec_1.jar
Launcher Type: SUN_STANDARD

Environment Variables:
PATH=/usr/bin:/bin:/usr/sbin:/sbin
LD_LIBRARY_PATH=/Library/Java/JavaVirtualMachines/jdk1.8.0_111.jdk/Contents/Home/jre/lib/amd64:/Library/Java/JavaVirtualMachines/jdk1.8.0_111.jdk/Contents/Home/jre/lib/i386:
SHELL=/bin/bash

Signal Handlers:
SIGSEGV: [libjvm.dylib+0x5b03ed], sa_mask[0]=11111111011111110111111111111111, sa_flags=SA_ONSTACK|SA_RESTART|SA_SIGINFO
SIGBUS: [libjvm.dylib+0x5b03ed], sa_mask[0]=11111111011111110111111111111111, sa_flags=SA_RESTART|SA_SIGINFO
SIGFPE: [libjvm.dylib+0x48711c], sa_mask[0]=11111111011111110111111111111111, sa_flags=SA_RESTART|SA_SIGINFO
SIGPIPE: [libjvm.dylib+0x48711c], sa_mask[0]=11111111011111110111111111111111, sa_flags=SA_RESTART|SA_SIGINFO
SIGXFSZ: [libjvm.dylib+0x48711c], sa_mask[0]=11111111011111110111111111111111, sa_flags=SA_RESTART|SA_SIGINFO
SIGILL: [libjvm.dylib+0x48711c], sa_mask[0]=11111111011111110111111111111111, sa_flags=SA_RESTART|SA_SIGINFO
SIGUSR1: SIG_DFL, sa_mask[0]=00000000000000000000000000000000, sa_flags=none
SIGUSR2: [libjvm.dylib+0x486c3a], sa_mask[0]=00100000000000000000000000000000, sa_flags=SA_RESTART|SA_SIGINFO
SIGHUP: [libjvm.dylib+0x485211], sa_mask[0]=11111111011111110111111111111111, sa_flags=SA_RESTART|SA_SIGINFO
SIGINT: SIG_IGN, sa_mask[0]=00000000000000000000000000000000, sa_flags=none
SIGTERM: [libjvm.dylib+0x485211], sa_mask[0]=11111111011111110111111111111111, sa_flags=SA_RESTART|SA_SIGINFO
SIGQUIT: [libjvm.dylib+0x485211], sa_mask[0]=11111111011111110111111111111111, sa_flags=SA_RESTART|SA_SIGINFO


---------------  S Y S T E M  ---------------

OS:Bsduname:Darwin 16.4.0 Darwin Kernel Version 16.4.0: Thu Dec 22 22:53:21 PST 2016; root:xnu-3789.41.3~3/RELEASE_X86_64 x86_64
rlimit: STACK 8192k, CORE 0k, NPROC 709, NOFILE 10240, AS infinity
load average:5.47 4.53 4.49

CPU:total 4 (2 cores per cpu, 2 threads per core) family 6 model 61 stepping 4, cmov, cx8, fxsr, mmx, sse, sse2, sse3, ssse3, sse4.1, sse4.2, popcnt, avx, avx2, aes, clmul, erms, 3dnowpref, lzcnt, ht, tsc, tscinvbit, bmi1, bmi2, adx

Memory: 4k page, physical 8388608k(170204k free)

/proc/meminfo:


vm_info: Java HotSpot(TM) 64-Bit Server VM (25.111-b14) for bsd-amd64 JRE (1.8.0_111-b14), built on Sep 22 2016 15:31:41 by "java_re" with gcc 4.2.1 (Based on Apple Inc. build 5658) (LLVM build 2336.11.00)

time: Thu Jun  8 23:09:18 2017
elapsed time: 24 seconds (0d 0h 0m 24s)

